<?xml version="1.0" encoding="UTF-8"?>
<testng-results ignored="0" total="1" passed="1" failed="0" skipped="0">
  <reporter-output>
  </reporter-output>
  <suite started-at="2024-04-17T16:08:36 IST" name="Default suite" finished-at="2024-04-17T16:08:39 IST" duration-ms="2991">
    <groups>
    </groups>
    <test started-at="2024-04-17T16:08:36 IST" name="Default test" finished-at="2024-04-17T16:08:39 IST" duration-ms="2991">
      <class name="com.test.Code4humanity.code4humanity_iipsrv">
        <test-method signature="code4humanity_iipsrv()[pri:1, instance:com.test.Code4humanity.code4humanity_iipsrv@f736069]" started-at="2024-04-17T16:08:36 IST" name="code4humanity_iipsrv" finished-at="2024-04-17T16:08:39 IST" duration-ms="2958" status="PASS">
          <reporter-output>
          </reporter-output>
        </test-method> <!-- code4humanity_iipsrv -->
      </class> <!-- com.test.Code4humanity.code4humanity_iipsrv -->
    </test> <!-- Default test -->
  </suite> <!-- Default suite -->
</testng-results>
